[RUN #0 100 100]
336 468 -508 -842 -770 -371 639 -649 -867 851 -444 199 601 580 -572 -623 -475 -996 310 -453 686 423 -176 480 -323 -780 799 175 -92 149 878 315 40 308 204 25 -402 438 18 675 224 795 924 -744 -425 905 -637 350 455 -516 869 -202 9 -525 -789 -435 -607 944 623 23 -459 775 931 376 -462 845 -944 -506 589 -958 -445 628 -42 399 -945 222 370 793 966 -715 83 125 812 855 -456 -786 794 120 -703 -601 -15 647 266 -731 -653 -726 -662 594 965 967
-482 740 468 557 802 227 363 -882 -240 -981 675 847 -627 -144 687 -693 -518 376 114 -946 -199 967 -657 387 -680 390 108 -943 938 -834 879 757 -930 -261 635 -389 -195 -80 -863 934 -877 -266 182 791 61 958 -584 -724 300 299 136 107 716 -188 -257 250 -746 -715 429 857 -918 999 574 -689 528 -161 630 511 -87 638 777 -950 548 183 883 751 578 940 846 -895 749 -644 -560 618 929 -678 -230 240 842 -326 -933 167 -295 -113 -115 -229 345 166 -50 -106
[RUN #1 10 10]
-739 -974 791 -714 -921 467 -104 -662 444 829
942 -444 -594 -127 -570 789 986 -472 329 -353
-793 505 779 250 -878 -671 52 -353 697 888
651 63 -290 207 -818 537 78 -269 -529 368
-873 290 -276 -889 564 -104 603 -480 558 122
-49 962 222 -167 -91 -907 645 516 707 -869
[RUN #2 5 5]
-875 -571 -946 920 -237
-736 -501 538 110 -545
-706 853 -60 950 470
-846 602 639 -492 153
418 -31 -656 -780 598
[RUN #3 5 5]
-290 -587 319 424 -921
-465 452 -746 731 -163
-236 377 891 -498 420
-160 507 -973 346 -505
307 -878 128 440 -378
[RUN #4 5 5]
-810 327 144 -954 375
851 -172 -940 -153 -25
165 -276 -126 -334 -242
-131 -900 -772 -106 523
-495 -191 -545 302 -751
[RUN #5 5 5]
834 411 85 -121 -755
111 267 387 -398 291
797 -835 226 657 -14
207 -322 408 -889 -852
-105 -613 936 804 646
[RUN #6 100 100]
-549 469 818 -788 -422 663 -716 984 518 765 586 592 269 219 -567 -903 -962 -445 506 882 -847 242 -835 916 536 -34 -386 -571 846 -615 -459 -133 678 78 -243 569 466 -531 -688 341 619 896 130 -344 398 966 864 832 -51 149 280 311 513 -463 -785 -557 -171 -288 -902 815 -542 366 -890 2 -965 628 272 790 372 -989 -992 -326 -78 719 -87 -387 430 401 945 697 -482 511 -263 -351 -466 -860 98 -655 100 -870 976 773 -53 497 -147 -5 163 -832 -172 522
[RUN #7 10 10]
-885 388 489 419 802 -998 474 -861 -441 -15
925 -689 -690 -965 291 82 -275 865 -818 180
779 658 -485 546 -854 432 -223 -22 730 780
-255 263 729 242 -396 958 945 692 -276 -291
-610 966 784 -459 725 -7 -688 326 323 -346
